2025-03-27 10:04:36,281 - marble_dex - ERROR - Failed to import required modules: No module named 'solana'
2025-03-27 10:04:44,672 - marble_dex - ERROR - Failed to import required modules: No module named 'solana'
2025-03-27 10:05:33,963 - marble_dex - ERROR - Failed to import required modules: No module named 'solana.keypair'
2025-03-27 10:05:38,292 - marble_dex - ERROR - Failed to import required modules: No module named 'solana.keypair'
2025-03-27 10:06:26,549 - marble_dex - ERROR - Failed to import required modules: No module named 'solana.keypair'
2025-03-27 10:06:34,211 - marble_dex - ERROR - Failed to import required modules: No module named 'solana.keypair'
2025-03-27 10:16:14,348 - marble_dex - ERROR - Failed to import required modules: No module named 'solana.keypair'
2025-03-27 10:34:43,393 - marble_dex - ERROR - Missing module: solana_bridge
2025-03-27 10:38:47,407 - marble_dex - ERROR - Missing module: solana_bridge
2025-03-27 10:38:47,408 - marble_dex - WARNING - Optional module solana_bridge not available
2025-03-27 10:38:47,411 - marble_dex - INFO - Dependencies OK
2025-03-27 10:45:42,851 - marble_dex - INFO - Starting Marble DEX API
2025-03-27 10:45:42,852 - marble_dex - INFO - Raydium UI directory found at: C:\Users\Ultrabook Design i7\Desktop\raydium-ui-master
2025-03-27 10:45:42,854 - marble_dex - INFO - Created default DEX config at C:\Users\Ultrabook Design i7\Desktop\raydium-ui-master\dex_config.json
2025-03-27 10:45:42,854 - marble_dex - INFO - Loaded DEX configuration with 0 tokens and 0 pools
2025-03-27 13:26:23,856 - marble_dex - INFO - Starting Marble DEX application...
2025-03-27 13:26:23,857 - marble_dex - ERROR - DEX path does not exist: C:\Users\Ultrabook Design i7\Desktop\raydium-ui-master
2025-03-27 13:26:23,857 - marble_dex - WARNING - Raydium UI not found at: C:\Users\Ultrabook Design i7\Desktop\raydium-ui-master
2025-03-27 13:26:23,858 - marble_dex - ERROR - DEX path does not exist: C:\Users\Ultrabook Design i7\Desktop\raydium-ui-master
2025-03-27 13:26:23,858 - marble_dex - WARNING - Failed to load DEX configuration
2025-03-27 13:26:23,859 - marble_dex - INFO - Marble DEX application started successfully
2025-03-27 15:20:49,243 - marble_dex - INFO - Starting Marble DEX application...
2025-03-27 15:20:49,244 - marble_dex - ERROR - DEX path does not exist: C:\Users\Ultrabook Design i7\Desktop\raydium-ui-master
2025-03-27 15:20:49,244 - marble_dex - WARNING - Raydium UI not found at: C:\Users\Ultrabook Design i7\Desktop\raydium-ui-master
2025-03-27 15:20:49,244 - marble_dex - ERROR - DEX path does not exist: C:\Users\Ultrabook Design i7\Desktop\raydium-ui-master
2025-03-27 15:20:49,245 - marble_dex - WARNING - Failed to load DEX configuration
2025-03-27 15:20:49,245 - marble_dex - INFO - Marble DEX application started successfully
2025-03-27 16:12:43,039 - marble_dex - INFO - Starting Marble DEX application...
2025-03-27 16:12:43,039 - marble_dex - INFO - Raydium UI found at: C:\Users\Ultrabook Design i7\Desktop\marble-dex-ui
2025-03-27 16:12:43,052 - marble_dex - INFO - Loaded DEX config from C:\Users\Ultrabook Design i7\Desktop\marble-dex-ui\dex_config.json
2025-03-27 16:12:43,053 - marble_dex - INFO - Loaded DEX configuration with 0 tokens and 0 pools
2025-03-27 16:12:43,053 - marble_dex - INFO - Marble DEX application started successfully
2025-03-27 16:41:05,496 - marble_dex - INFO - Starting Marble DEX application...
2025-03-27 16:41:05,497 - marble_dex - INFO - Raydium UI found at: C:\Users\Ultrabook Design i7\Desktop\marble-dex-ui
2025-03-27 16:41:05,498 - marble_dex - INFO - Loaded DEX config from C:\Users\Ultrabook Design i7\Desktop\marble-dex-ui\dex_config.json
2025-03-27 16:41:05,498 - marble_dex - INFO - Loaded DEX configuration with 0 tokens and 0 pools
2025-03-27 16:41:05,499 - marble_dex - INFO - Marble DEX application started successfully
2025-03-28 10:50:10,214 - marble_dex - INFO - Starting Marble DEX application...
2025-03-28 10:50:10,214 - marble_dex - INFO - Raydium UI found at: C:\Users\Ultrabook Design i7\Desktop\marble-dex-ui
2025-03-28 10:50:10,223 - marble_dex - INFO - Loaded DEX config from C:\Users\Ultrabook Design i7\Desktop\marble-dex-ui\dex_config.json
2025-03-28 10:50:10,224 - marble_dex - INFO - Loaded DEX configuration with 0 tokens and 0 pools
2025-03-28 10:50:10,224 - marble_dex - INFO - Marble DEX application started successfully
